INFO:werkzeug: * Restarting with stat
WARNING:werkzeug: * Debugger is active!
INFO:werkzeug: * Debugger PIN: 137-823-369
INFO:werkzeug: * Detected change in 'C:\\Users\\Tiko\\Desktop\\green_book-main\\app.py', reloading
INFO:werkzeug: * Restarting with stat
WARNING:werkzeug: * Debugger is active!
INFO:werkzeug: * Debugger PIN: 137-823-369
INFO:werkzeug: * Detected change in 'C:\\Users\\Tiko\\Desktop\\green_book-main\\app.py', reloading
INFO:werkzeug: * Restarting with stat
WARNING:werkzeug: * Debugger is active!
INFO:werkzeug: * Debugger PIN: 137-823-369
INFO:werkzeug: * Detected change in 'C:\\Users\\Tiko\\Desktop\\green_book-main\\app.py', reloading
INFO:werkzeug: * Restarting with stat
WARNING:werkzeug: * Debugger is active!
INFO:werkzeug: * Debugger PIN: 137-823-369
INFO:werkzeug: * Restarting with stat
WARNING:werkzeug: * Debugger is active!
INFO:werkzeug: * Debugger PIN: 137-823-369
INFO:werkzeug: * Restarting with stat
WARNING:werkzeug: * Debugger is active!
INFO:werkzeug: * Debugger PIN: 137-823-369
INFO:werkzeug: * Restarting with stat
WARNING:werkzeug: * Debugger is active!
INFO:werkzeug: * Debugger PIN: 137-823-369
INFO:werkzeug: * Restarting with stat
WARNING:werkzeug: * Debugger is active!
INFO:werkzeug: * Debugger PIN: 137-823-369
INFO:werkzeug: * Restarting with stat
WARNING:werkzeug: * Debugger is active!
INFO:werkzeug: * Debugger PIN: 137-823-369
INFO:werkzeug: * Restarting with stat
WARNING:werkzeug: * Debugger is active!
INFO:werkzeug: * Debugger PIN: 137-823-369
INFO:werkzeug: * Restarting with stat
WARNING:werkzeug: * Debugger is active!
INFO:werkzeug: * Debugger PIN: 137-823-369
INFO:werkzeug: * Restarting with stat
WARNING:werkzeug: * Debugger is active!
INFO:werkzeug: * Debugger PIN: 137-823-369
INFO:werkzeug: * Restarting with stat
WARNING:werkzeug: * Debugger is active!
INFO:werkzeug: * Debugger PIN: 137-823-369
INFO:werkzeug: * Detected change in 'C:\\Users\\Tiko\\Desktop\\green_book-main\\app.py', reloading
INFO:werkzeug: * Restarting with stat
WARNING:werkzeug: * Debugger is active!
INFO:werkzeug: * Debugger PIN: 137-823-369
INFO:werkzeug: * Detected change in 'C:\\Users\\Tiko\\Desktop\\green_book-main\\app.py', reloading
INFO:werkzeug: * Restarting with stat
WARNING:werkzeug: * Debugger is active!
INFO:werkzeug: * Debugger PIN: 137-823-369
INFO:werkzeug: * Detected change in 'C:\\Users\\Tiko\\Desktop\\green_book-main\\app.py', reloading
INFO:werkzeug: * Restarting with stat
WARNING:werkzeug: * Debugger is active!
INFO:werkzeug: * Debugger PIN: 137-823-369
INFO:werkzeug: * Restarting with stat
WARNING:werkzeug: * Debugger is active!
INFO:werkzeug: * Debugger PIN: 137-823-369
INFO:werkzeug: * Restarting with stat
WARNING:werkzeug: * Debugger is active!
INFO:werkzeug: * Debugger PIN: 137-823-369
INFO:werkzeug: * Restarting with stat
WARNING:werkzeug: * Debugger is active!
INFO:werkzeug: * Debugger PIN: 137-823-369
INFO:werkzeug: * Restarting with stat
WARNING:werkzeug: * Debugger is active!
INFO:werkzeug: * Debugger PIN: 137-823-369
INFO:werkzeug: * Restarting with stat
WARNING:werkzeug: * Debugger is active!
INFO:werkzeug: * Debugger PIN: 137-823-369
INFO:werkzeug: * Restarting with stat
WARNING:werkzeug: * Debugger is active!
INFO:werkzeug: * Debugger PIN: 137-823-369
INFO:werkzeug: * Detected change in 'C:\\Users\\Tiko\\Desktop\\green_book-main\\routes.py', reloading
INFO:werkzeug: * Restarting with stat
INFO:werkzeug: * Restarting with stat
WARNING:werkzeug: * Debugger is active!
INFO:werkzeug: * Debugger PIN: 137-823-369
INFO:werkzeug: * Detected change in 'C:\\Users\\Tiko\\Desktop\\green_book-main\\routes.py', reloading
INFO:werkzeug: * Restarting with stat
WARNING:werkzeug: * Debugger is active!
INFO:werkzeug: * Debugger PIN: 137-823-369
INFO:werkzeug: * Detected change in 'C:\\Users\\Tiko\\Desktop\\green_book-main\\models.py', reloading
INFO:werkzeug: * Restarting with stat
INFO:werkzeug: * Restarting with stat
WARNING:werkzeug: * Debugger is active!
INFO:werkzeug: * Debugger PIN: 137-823-369
INFO:werkzeug: * Restarting with stat
INFO:werkzeug: * Restarting with stat
INFO:werkzeug: * Restarting with stat
WARNING:werkzeug: * Debugger is active!
INFO:werkzeug: * Debugger PIN: 137-823-369
INFO:werkzeug: * Restarting with stat
WARNING:werkzeug: * Debugger is active!
INFO:werkzeug: * Debugger PIN: 724-938-689
INFO:werkzeug: * Restarting with stat
WARNING:werkzeug: * Debugger is active!
INFO:werkzeug: * Debugger PIN: 724-938-689
INFO:werkzeug: * Restarting with stat
WARNING:werkzeug: * Debugger is active!
INFO:werkzeug: * Debugger PIN: 724-938-689
INFO:werkzeug: * Restarting with stat
WARNING:werkzeug: * Debugger is active!
INFO:werkzeug: * Debugger PIN: 724-938-689
INFO:werkzeug: * Restarting with stat
WARNING:werkzeug: * Debugger is active!
INFO:werkzeug: * Debugger PIN: 724-938-689
INFO:werkzeug: * Restarting with stat
WARNING:werkzeug: * Debugger is active!
INFO:werkzeug: * Debugger PIN: 724-938-689
INFO:werkzeug: * Detected change in 'C:\\Users\\Tiko\\Desktop\\green_book-main\\routes.py', reloading
INFO:werkzeug: * Restarting with stat
INFO:werkzeug: * Restarting with stat
WARNING:werkzeug: * Debugger is active!
INFO:werkzeug: * Debugger PIN: 724-938-689
INFO:werkzeug: * Detected change in 'C:\\Users\\Tiko\\Desktop\\green_book-main\\routes.py', reloading
INFO:werkzeug: * Restarting with stat
WARNING:werkzeug: * Debugger is active!
INFO:werkzeug: * Debugger PIN: 724-938-689
INFO:werkzeug: * Detected change in 'C:\\Users\\Tiko\\Desktop\\green_book-main\\routes.py', reloading
INFO:werkzeug: * Restarting with stat
INFO:werkzeug: * Restarting with stat
WARNING:werkzeug: * Debugger is active!
INFO:werkzeug: * Debugger PIN: 724-938-689
INFO:werkzeug: * Restarting with stat
WARNING:werkzeug: * Debugger is active!
INFO:werkzeug: * Debugger PIN: 724-938-689
INFO:werkzeug: * Restarting with stat
WARNING:werkzeug: * Debugger is active!
INFO:werkzeug: * Debugger PIN: 724-938-689
INFO:werkzeug: * Detected change in 'C:\\Users\\Tiko\\Desktop\\green_book-main\\routes.py', reloading
INFO:werkzeug: * Restarting with stat
WARNING:werkzeug: * Debugger is active!
INFO:werkzeug: * Debugger PIN: 724-938-689
INFO:werkzeug: * Detected change in 'C:\\Users\\Tiko\\Desktop\\green_book-main\\routes.py', reloading
INFO:werkzeug: * Restarting with stat
WARNING:werkzeug: * Debugger is active!
INFO:werkzeug: * Debugger PIN: 724-938-689
INFO:werkzeug: * Detected change in 'C:\\Users\\Tiko\\Desktop\\green_book-main\\routes.py', reloading
INFO:werkzeug: * Restarting with stat
INFO:werkzeug: * Restarting with stat
WARNING:werkzeug: * Debugger is active!
INFO:werkzeug: * Debugger PIN: 724-938-689
INFO:werkzeug: * Detected change in 'C:\\Users\\Tiko\\Desktop\\green_book-main\\routes.py', reloading
INFO:werkzeug: * Restarting with stat
WARNING:werkzeug: * Debugger is active!
INFO:werkzeug: * Debugger PIN: 724-938-689
INFO:werkzeug: * Detected change in 'C:\\Users\\Tiko\\Desktop\\green_book-main\\routes.py', reloading
INFO:werkzeug: * Restarting with stat
WARNING:werkzeug: * Debugger is active!
INFO:werkzeug: * Debugger PIN: 724-938-689
INFO:werkzeug: * Detected change in 'C:\\Users\\Tiko\\Desktop\\green_book-main\\routes.py', reloading
INFO:werkzeug: * Restarting with stat
WARNING:werkzeug: * Debugger is active!
INFO:werkzeug: * Debugger PIN: 724-938-689
INFO:werkzeug: * Detected change in 'C:\\Users\\Tiko\\Desktop\\green_book-main\\routes.py', reloading
INFO:werkzeug: * Restarting with stat
WARNING:werkzeug: * Debugger is active!
INFO:werkzeug: * Debugger PIN: 724-938-689
INFO:werkzeug: * Detected change in 'C:\\Users\\Tiko\\Desktop\\green_book-main\\routes.py', reloading
INFO:werkzeug: * Restarting with stat
INFO:werkzeug: * Restarting with stat
WARNING:werkzeug: * Debugger is active!
INFO:werkzeug: * Debugger PIN: 724-938-689
INFO:werkzeug: * Detected change in 'C:\\Users\\Tiko\\Desktop\\green_book-main\\routes.py', reloading
INFO:werkzeug: * Restarting with stat
WARNING:werkzeug: * Debugger is active!
INFO:werkzeug: * Debugger PIN: 724-938-689
INFO:werkzeug: * Detected change in 'C:\\Users\\Tiko\\Desktop\\green_book-main\\routes.py', reloading
INFO:werkzeug: * Restarting with stat
WARNING:werkzeug: * Debugger is active!
INFO:werkzeug: * Debugger PIN: 724-938-689
INFO:werkzeug: * Restarting with stat
WARNING:werkzeug: * Debugger is active!
INFO:werkzeug: * Debugger PIN: 724-938-689
INFO:werkzeug: * Restarting with stat
WARNING:werkzeug: * Debugger is active!
INFO:werkzeug: * Debugger PIN: 724-938-689
INFO:werkzeug: * Restarting with stat
WARNING:werkzeug: * Debugger is active!
INFO:werkzeug: * Debugger PIN: 724-938-689
INFO:werkzeug: * Restarting with stat
WARNING:werkzeug: * Debugger is active!
INFO:werkzeug: * Debugger PIN: 724-938-689
INFO:werkzeug: * Detected change in 'C:\\Users\\Tiko\\Desktop\\green_book-main\\routes.py', reloading
INFO:werkzeug: * Restarting with stat
WARNING:werkzeug: * Debugger is active!
INFO:werkzeug: * Debugger PIN: 724-938-689
INFO:werkzeug: * Detected change in 'C:\\Users\\Tiko\\Desktop\\green_book-main\\routes.py', reloading
INFO:werkzeug: * Restarting with stat
INFO:werkzeug: * Restarting with stat
WARNING:werkzeug: * Debugger is active!
INFO:werkzeug: * Debugger PIN: 724-938-689
INFO:werkzeug: * Restarting with stat
WARNING:werkzeug: * Debugger is active!
INFO:werkzeug: * Debugger PIN: 724-938-689
INFO:werkzeug: * Restarting with stat
WARNING:werkzeug: * Debugger is active!
INFO:werkzeug: * Debugger PIN: 137-823-369
INFO:werkzeug: * Restarting with stat
WARNING:werkzeug: * Debugger is active!
INFO:werkzeug: * Debugger PIN: 137-823-369
INFO:werkzeug: * Restarting with stat
WARNING:werkzeug: * Debugger is active!
INFO:werkzeug: * Debugger PIN: 137-823-369
INFO:werkzeug: * Detected change in 'C:\\Users\\Tiko\\Desktop\\green_book-main\\routes.py', reloading
INFO:werkzeug: * Restarting with stat
WARNING:werkzeug: * Debugger is active!
INFO:werkzeug: * Debugger PIN: 137-823-369
INFO:werkzeug: * Detected change in 'C:\\Users\\Tiko\\Desktop\\green_book-main\\routes.py', reloading
INFO:werkzeug: * Restarting with stat
WARNING:werkzeug: * Debugger is active!
INFO:werkzeug: * Debugger PIN: 137-823-369
INFO:werkzeug: * Detected change in 'C:\\Users\\Tiko\\Desktop\\green_book-main\\routes.py', reloading
INFO:werkzeug: * Restarting with stat
WARNING:werkzeug: * Debugger is active!
INFO:werkzeug: * Debugger PIN: 137-823-369
INFO:werkzeug: * Detected change in 'C:\\Users\\Tiko\\Desktop\\green_book-main\\routes.py', reloading
INFO:werkzeug: * Restarting with stat
WARNING:werkzeug: * Debugger is active!
INFO:werkzeug: * Debugger PIN: 137-823-369
INFO:werkzeug: * Detected change in 'C:\\Users\\Tiko\\Desktop\\green_book-main\\routes.py', reloading
INFO:werkzeug: * Restarting with stat
WARNING:werkzeug: * Debugger is active!
INFO:werkzeug: * Debugger PIN: 137-823-369
INFO:werkzeug: * Detected change in 'C:\\Users\\Tiko\\Desktop\\green_book-main\\routes.py', reloading
INFO:werkzeug: * Restarting with stat
WARNING:werkzeug: * Debugger is active!
INFO:werkzeug: * Debugger PIN: 137-823-369
INFO:werkzeug: * Detected change in 'C:\\Users\\Tiko\\Desktop\\green_book-main\\routes.py', reloading
INFO:werkzeug: * Restarting with stat
WARNING:werkzeug: * Debugger is active!
INFO:werkzeug: * Debugger PIN: 137-823-369
INFO:werkzeug: * Detected change in 'C:\\Users\\Tiko\\Desktop\\green_book-main\\routes.py', reloading
INFO:werkzeug: * Restarting with stat
WARNING:werkzeug: * Debugger is active!
INFO:werkzeug: * Debugger PIN: 137-823-369
INFO:werkzeug: * Detected change in 'C:\\Users\\Tiko\\Desktop\\green_book-main\\routes.py', reloading
INFO:werkzeug: * Restarting with stat
WARNING:werkzeug: * Debugger is active!
INFO:werkzeug: * Debugger PIN: 137-823-369
INFO:werkzeug: * Detected change in 'C:\\Users\\Tiko\\Desktop\\green_book-main\\routes.py', reloading
INFO:werkzeug: * Restarting with stat
WARNING:werkzeug: * Debugger is active!
INFO:werkzeug: * Debugger PIN: 137-823-369
INFO:werkzeug: * Detected change in 'C:\\Users\\Tiko\\Desktop\\green_book-main\\routes.py', reloading
INFO:werkzeug: * Restarting with stat
WARNING:werkzeug: * Debugger is active!
INFO:werkzeug: * Debugger PIN: 137-823-369
INFO:werkzeug: * Detected change in 'C:\\Users\\Tiko\\Desktop\\green_book-main\\routes.py', reloading
INFO:werkzeug: * Restarting with stat
INFO:werkzeug: * Restarting with stat
WARNING:werkzeug: * Debugger is active!
INFO:werkzeug: * Debugger PIN: 137-823-369
INFO:werkzeug: * Detected change in 'C:\\Users\\Tiko\\Desktop\\green_book-main\\models.py', reloading
INFO:werkzeug: * Restarting with stat
INFO:werkzeug: * Restarting with stat
WARNING:werkzeug: * Debugger is active!
INFO:werkzeug: * Debugger PIN: 137-823-369
INFO:werkzeug: * Restarting with stat
WARNING:werkzeug: * Debugger is active!
INFO:werkzeug: * Debugger PIN: 137-823-369
INFO:werkzeug: * Restarting with stat
WARNING:werkzeug: * Debugger is active!
INFO:werkzeug: * Debugger PIN: 137-823-369
INFO:werkzeug: * Detected change in 'C:\\Users\\Tiko\\Desktop\\green_book-main\\app.py', reloading
INFO:werkzeug: * Restarting with stat
WARNING:werkzeug: * Debugger is active!
INFO:werkzeug: * Debugger PIN: 137-823-369
INFO:werkzeug: * Restarting with stat
WARNING:werkzeug: * Debugger is active!
INFO:werkzeug: * Debugger PIN: 137-823-369
INFO:werkzeug: * Restarting with stat
WARNING:werkzeug: * Debugger is active!
INFO:werkzeug: * Debugger PIN: 137-823-369
INFO:werkzeug: * Restarting with stat
INFO:werkzeug: * Restarting with stat
WARNING:werkzeug: * Debugger is active!
INFO:werkzeug: * Debugger PIN: 591-408-784
INFO:werkzeug: * Detected change in 'C:\\Users\\Tiko\\Desktop\\green_book-main\\models.py', reloading
INFO:werkzeug: * Restarting with stat
INFO:werkzeug:[31m[1mWARNING: This is a development server. Do not use it in a production deployment. Use a production WSGI server instead.[0m
 * Running on http://127.0.0.1:5000
INFO:werkzeug:[33mPress CTRL+C to quit[0m
INFO:werkzeug: * Restarting with stat
WARNING:werkzeug: * Debugger is active!
INFO:werkzeug: * Debugger PIN: 591-408-784
INFO:werkzeug: * Detected change in 'C:\\Users\\Tiko\\Desktop\\green_book-main\\app.py', reloading
INFO:werkzeug: * Restarting with stat
WARNING:werkzeug: * Debugger is active!
INFO:werkzeug: * Debugger PIN: 591-408-784
INFO:werkzeug: * Restarting with stat
WARNING:werkzeug: * Debugger is active!
INFO:werkzeug: * Debugger PIN: 591-408-784
INFO:werkzeug: * Detected change in 'C:\\Users\\Tiko\\Desktop\\green_book-main\\routes.py', reloading
INFO:werkzeug: * Restarting with stat
WARNING:werkzeug: * Debugger is active!
INFO:werkzeug: * Debugger PIN: 591-408-784
INFO:werkzeug: * Detected change in 'C:\\Users\\Tiko\\Desktop\\green_book-main\\routes.py', reloading
INFO:werkzeug: * Restarting with stat
WARNING:werkzeug: * Debugger is active!
INFO:werkzeug: * Debugger PIN: 591-408-784
INFO:werkzeug: * Restarting with stat
WARNING:werkzeug: * Debugger is active!
INFO:werkzeug: * Debugger PIN: 591-408-784
INFO:werkzeug: * Detected change in 'C:\\Users\\Tiko\\Desktop\\green_book-main\\routes.py', reloading
INFO:werkzeug: * Restarting with stat
INFO:werkzeug: * Restarting with stat
WARNING:werkzeug: * Debugger is active!
INFO:werkzeug: * Debugger PIN: 591-408-784
INFO:werkzeug: * Detected change in 'C:\\Users\\Tiko\\Desktop\\green_book-main\\app.py', reloading
INFO:werkzeug: * Restarting with stat
WARNING:werkzeug: * Debugger is active!
INFO:werkzeug: * Debugger PIN: 591-408-784
INFO:werkzeug: * Detected change in 'C:\\Users\\Tiko\\Desktop\\green_book-main\\app.py', reloading
INFO:werkzeug: * Restarting with stat
INFO:werkzeug: * Restarting with stat
INFO:werkzeug: * Restarting with stat
INFO:werkzeug: * Restarting with stat
WARNING:werkzeug: * Debugger is active!
INFO:werkzeug: * Debugger PIN: 591-408-784
INFO:werkzeug: * Detected change in 'C:\\Users\\Tiko\\Desktop\\green_book-main\\forms.py', reloading
INFO:werkzeug: * Restarting with stat
WARNING:werkzeug: * Debugger is active!
INFO:werkzeug: * Debugger PIN: 591-408-784
INFO:werkzeug: * Detected change in 'C:\\Users\\Tiko\\Desktop\\green_book-main\\forms.py', reloading
INFO:werkzeug: * Restarting with stat
INFO:werkzeug: * Restarting with stat
WARNING:werkzeug: * Debugger is active!
INFO:werkzeug: * Debugger PIN: 591-408-784
INFO:werkzeug: * Detected change in 'C:\\Users\\Tiko\\Desktop\\green_book-main\\models.py', reloading
INFO:werkzeug: * Restarting with stat
WARNING:werkzeug: * Debugger is active!
INFO:werkzeug: * Debugger PIN: 591-408-784
INFO:werkzeug: * Detected change in 'C:\\Users\\Tiko\\Desktop\\green_book-main\\__init__.py', reloading
INFO:werkzeug: * Restarting with stat
WARNING:werkzeug: * Debugger is active!
INFO:werkzeug: * Debugger PIN: 591-408-784
INFO:werkzeug: * Detected change in 'C:\\Users\\Tiko\\Desktop\\green_book-main\\app.py', reloading
INFO:werkzeug: * Restarting with stat
INFO:werkzeug: * Restarting with stat
WARNING:werkzeug: * Debugger is active!
INFO:werkzeug: * Debugger PIN: 591-408-784
INFO:werkzeug: * Detected change in 'C:\\Users\\Tiko\\Desktop\\green_book-main\\data_insertion.py', reloading
INFO:werkzeug: * Restarting with stat
ERROR:flask_migrate:Error: Directory migrations already exists and is not empty
ERROR:flask_migrate:Error: Directory migrations already exists and is not empty
